n/ch.jpeg
n/cui.jpeg
n/cu.jpeg
n/efc.jpeg
n/ure.jpeg
n/zf.jpeg
n/xsdv.jpeg
n/sx.jpeg
n/dc.jpeg
n/fv.jpeg
n/gb.jpeg
n/hn.jpeg
n/jm.jpeg
n/az.jpeg
n/ik.jpeg
n/yuj.jpeg
n/1560909530765.jpeg
n/1560909530764.jpeg
n/1560909530744.jpeg
n/1560909530762.jpeg
n/1560909530761.jpeg
n/1560909530743.jpeg
n/ed.jpeg
n/yh.jpeg
n/ol.jpeg
n/].jpeg
n/['.jpeg
n/1560909530742.jpeg
n/ws.jpeg
n/p;.jpeg
n/qa.jpeg
n/yyyy.jpeg
n/tttt.jpeg
n/rrrr.jpeg
n/eeee.jpeg
n/wwww.jpeg
n/qqqq.jpeg
n/uuuu.jpeg
n/jjjjj.jpeg
n/kkkkk.jpeg
n/ggggg.jpeg
n/hhhhh.jpeg
n/1560909530759.jpeg
n/1560909530758.jpeg
n/llllll.jpeg
n/ccccc.jpeg
n/1560909530756.jpeg
n/1560909530754.jpeg
n/1560909530753.jpeg
n/1560909530752.jpeg
n/1560909530751.jpeg
n/images.jpeg
n/1560909530749.jpeg
n/1560909530748.jpeg
n/1560909530757.jpeg
n/2Q__.jpeg
n/1560909530747.jpeg
n/1560909530746.jpeg
n/9k_.jpeg
n/Z.jpeg