p/image25.jpg 1 0 0 50 50
p/image26.jpg 1 0 0 50 50
p/image27.jpg 1 0 0 50 50
p/image28.jpg 1 0 0 50 50
p/image29.jpg 1 0 0 50 50
p/image30.jpg 1 0 0 50 50
p/image1.jpg 1 0 0 50 50
p/image10.jpg 1 0 0 50 50
p/image11.jpg 1 0 0 50 50
p/image12.jpg 1 0 0 50 50
p/image13.jpg 1 0 0 50 50
p/image14.jpg 1 0 0 50 50
p/image15.jpg 1 0 0 50 50
p/image16.jpg 1 0 0 50 50
p/image17.jpg 1 0 0 50 50
p/image18.jpg 1 0 0 50 50
p/image19.jpg 1 0 0 50 50
p/image2.jpg 1 0 0 50 50
p/image20.jpg 1 0 0 50 50
p/image21.jpg 1 0 0 50 50
p/image22.jpg 1 0 0 50 50
p/image23.jpg 1 0 0 50 50
p/image24.jpg 1 0 0 50 50
p/image3.jpg 1 0 0 50 50
p/image4.jpg 1 0 0 50 50
p/image5.jpg 1 0 0 50 50
p/image6.jpg 1 0 0 50 50
p/image7.jpg 1 0 0 50 50
p/image8.jpg 1 0 0 50 50
p/image9.jpg 1 0 0 50 50